<?xml version="1.0" encoding="utf-8"?>
<coverage version="1" timestamp="1704067200" lines-valid="1000" lines-covered="852" line-rate="0.852" branches-valid="500" branches-covered="391" branch-rate="0.782" complexity="0">
  <packages>
    <package name="Agentic.Core" line-rate="0.921" branch-rate="0.85" complexity="0">
      <classes>
        <class name="EventType" filename="src/Agentic.Core/Primitives/EventType.cs" line-rate="1.0" branch-rate="1.0" complexity="0">
          <lines>
            <line number="1" hits="1"/>
            <line number="2" hits="1"/>
          </lines>
        </class>
      </classes>
    </package>
    <package name="Agentic.Workflow" line-rate="0.843" branch-rate="0.72" complexity="0">
      <classes>
        <class name="WorkflowEngine" filename="src/Agentic.Workflow/WorkflowEngine.cs" line-rate="0.843" branch-rate="0.72" complexity="0">
          <lines>
            <line number="1" hits="1"/>
            <line number="2" hits="0"/>
          </lines>
        </class>
      </classes>
    </package>
    <package name="Agentic.Infrastructure" line-rate="0.785" branch-rate="0.65" complexity="0">
      <classes>
        <class name="MartenBeliefStore" filename="src/Agentic.Infrastructure/MartenBeliefStore.cs" line-rate="0.785" branch-rate="0.65" complexity="0">
          <lines>
            <line number="1" hits="1"/>
          </lines>
        </class>
      </classes>
    </package>
  </packages>
</coverage>
